  [✖] https://dudle.inf.tu-dresden.de/nerdnight17/ → Status: 404
  [✖] http://172.16.0.100 → Status: 0
  [✖] https://ola.lol/code/#/2/code/edit/lYaUTNcPgsVMCh8h7bSUs-yF/ → Status: 0
  [✖] https://ola.lol/code/#/2/code/edit/+RVw0g4jN580VBBrx6yiulD2/ → Status: 0
  [✖] https://pads.reis.asia/p/geheimgeekend-2017-01 → Status: 0
  [✖] #vortr%C3%A4ge → Status: 404
  [✖] https://openlab-augsburg.de/groden18/ → Status: 404
  [✖] https://www.kjr-augsburg.de/unterkuenfte/zeltplatz/ → Status: 404
  [✖] Space/%C3%B6ffis → Status: 400
  [✖] Space/parken → Status: 400
  [✖] MakeMunich17 → Status: 400
  [✖] nerdnight3 → Status: 400
  [✖] Vorstandssitzung-2023-11-13 → Status: 400
  [✖] Vorstandssitzung-2023-10-02 → Status: 400
  [✖] Vorstandssitzung-2023-05-10 → Status: 400
  [✖] Vorstandssitzung-2023-02-01 → Status: 400
  [✖] Vorstandssitzung-2022-10-24 → Status: 400
  [✖] Vorstandssitzung-2022-07-11 → Status: 400
  [✖] https://wiki.openlab-augsburg.de/2022-07-10 → Status: 404
  [✖] https://chat.openlab-augsburg.de/openlab/channels/e-labor → Status: 0
  [✖] /Mitglieder/MV/Mitgliederversammlungen → Status: 400
  [✖] /Vorstand/Vorstandssitzung → Status: 400
  [✖] /Mitglieder/MV/2024-10-03 → Status: 400
  [✖] /Mitglieder/MV/2024-09-05 → Status: 400
  [✖] /Mitglieder/MV/2024-08-01 → Status: 400
  [✖] /Mitglieder/MV/2024-07-04 → Status: 400
  [✖] /Mitglieder/MV/2024-06-05 → Status: 400
  [✖] /Mitglieder/MV/2024-05-02 → Status: 400
  [✖] /Mitglieder/MV/2024-04-04 → Status: 400
  [✖] /Mitglieder/MV/2024-03-07 → Status: 400
  [✖] /Mitglieder/MV/2024-02-01 → Status: 400
  [✖] /Mitglieder/MV/2024-01-04 → Status: 400
  [✖] /Mitglieder/MV/2023-12-07 → Status: 400
  [✖] /Mitglieder/MV/2023-11-02 → Status: 400
  [✖] /Mitglieder/MV/2023-10-05 → Status: 400
  [✖] /Mitglieder/MV/2023-08-03 → Status: 400
  [✖] /Mitglieder/MV/2023-07-06 → Status: 400
  [✖] /Mitglieder/MV/2023-06-02 → Status: 400
  [✖] /Mitglieder/MV/2023-05-04 → Status: 400
  [✖] /Mitglieder/MV/2023-04-06 → Status: 400
  [✖] /Mitglieder/MV/2023-03-02 → Status: 400
  [✖] /Mitglieder/MV/2023-02-02 → Status: 400
  [✖] /Mitglieder/MV/2023-01-05 → Status: 400
  [✖] /Mitglieder/MV/2022-12-01 → Status: 400
  [✖] /Mitglieder/MV/2022-11-03 → Status: 400
  [✖] /Mitglieder/MV/2022-10-06 → Status: 400
  [✖] /Mitglieder/MV/2022-09-01 → Status: 400
  [✖] /Mitglieder/MV/2022-08-04 → Status: 400
  [✖] /Mitglieder/MV/2022-07-10 → Status: 400
  [✖] /Mitglieder/MV/2022-06-02 → Status: 400
  [✖] /Mitglieder/MV/2022-05-05 → Status: 400
  [✖] /Mitglieder/MV/2022-03-03 → Status: 400
  [✖] /Mitglieder/MV/2022-02-03 → Status: 400
  [✖] /Mitglieder/MV/2022-01-06 → Status: 400
  [✖] /Mitglieder/MV/2021-12-02 → Status: 400
  [✖] /Mitglieder/MV/2021-11-04 → Status: 400
  [✖] /Mitglieder/MV/2021-10-07 → Status: 400
  [✖] /Mitglieder/MV/2021-09-02 → Status: 400
  [✖] /Mitglieder/MV/2021-08-05 → Status: 400
  [✖] /Mitglieder/MV/2021-07-01 → Status: 400
  [✖] /Mitglieder/MV/2021-06-03 → Status: 400
  [✖] /Mitglieder/MV/2021-05-06 → Status: 400
  [✖] /Mitglieder/MV/2021-03-04 → Status: 400
  [✖] /Mitglieder/MV/2020-12-03 → Status: 400
  [✖] /Mitglieder/MV/2020-10-01 → Status: 400
  [✖] /Mitglieder/MV/2020-09-03 → Status: 400
  [✖] /Mitglieder/MV/2020-07-02 → Status: 400
  [✖] /Mitglieder/MV/2019-08-27 → Status: 400
  [✖] /Mitglieder/MV/2016-09-05 → Status: 400
  [✖] /Mitglieder/MV/2016-09-21 → Status: 400
  [✖] /Mitglieder/MV/2016-10-05 → Status: 400
  [✖] https://conf.ccc-ffm.de/bro-dvp-dz6 → Status: 0
  [✖] https://ola.lol/pad/#/2/pad/edit/Sw6J-AP28hPj7Au37ADaaoyj/ → Status: 0
  [✖] https://doku.ccc.de/Chaos_Computer_Club_Freiburg/Antrag_Storage_2023 → Status: 401
  [✖] https://doku.ccc.de/Chaostreff_Jena/Antrag_Mietkostenzuschuss_2023 → Status: 401
  [✖] https://doku.ccc.de/Chaostreff_Potsdam/Antrag_Geekend01 → Status: 401
  [✖] https://ola.lol/code/#/2/code/edit/Zff5ekKyRFn0QyXU7tzCz5S7/ → Status: 0
  [✖] https://bbb10.senfcall.de/... → Status: 0
  [✖] https://ola.lol/pad/#/2/pad/edit/5ktOW93H1foacdTgWV-jD7Mn/ → Status: 0
  [✖] https://nuudel.digitalcourage.de/m5FmWmfIe9nqKZ2OjX9uUNRV/admin → Status: 0
  [✖] https://openlab-augsburg.de/openlab-sommerfest/ → Status: 404
  [✖] https://heyalter.com/augsburg/ → Status: 404
  [✖] https://wiki.sbg.chaostreff.at/geekend16 → Status: 0
  [✖] https://chat.openlab-augsburg.de/openlab/pl/4uf7dwocnpgtux9kdwmuiagd1h → Status: 0
